<?xml version="1.0" encoding="UTF-8"?>
<!-- Generated by org.testng.reporters.JUnitXMLReporter -->
<testsuite hostname="ubuntu" name="Surefire test" tests="7" failures="0" timestamp="26 Sep 2017 11:31:21 GMT" time="0.08" errors="0">
  <testcase name="test_create_parking_lot_and_getMinimumSlot" time="0.023" classname="parkingLot.com.parkingLot.AppTest"/>
  <testcase name="test_allot_car" time="0.001" classname="parkingLot.com.parkingLot.AppTest"/>
  <testcase name="test_leave" time="0.001" classname="parkingLot.com.parkingLot.AppTest"/>
  <testcase name="test_registration_numbers_for_cars_with_colour" time="0.001" classname="parkingLot.com.parkingLot.AppTest"/>
  <testcase name="test_slot_numbers_for_cars_with_colour" time="0.003" classname="parkingLot.com.parkingLot.AppTest"/>
  <testcase name="test_slot_number_for_registration_number" time="0.001" classname="parkingLot.com.parkingLot.AppTest"/>
  <testcase name="test_status" time="0.002" classname="parkingLot.com.parkingLot.AppTest"/>
</testsuite> <!-- Surefire test -->
